<?xml version="1.0" encoding="UTF-8"?>
<testsuite xmlns:xsi="http://www.w3.org/2001/XMLSchema-instance" xsi:noNamespaceSchemaLocation="https://maven.apache.org/surefire/maven-surefire-plugin/xsd/surefire-test-report.xsd" name="de.filios.interpreters.jlox.JloxTest" time="0.044" tests="2" errors="0" skipped="0" failures="0">
  <properties>
    <property name="java.specification.version" value="14"/>
    <property name="sun.jnu.encoding" value="UTF-8"/>
    <property name="java.class.path" value="/Users/gfilios/develop/lox_language/jlox/target/test-classes:/Users/gfilios/develop/lox_language/jlox/target/classes:/Users/gfilios/.m2/repository/org/junit/jupiter/junit-jupiter-engine/5.8.1/junit-jupiter-engine-5.8.1.jar:/Users/gfilios/.m2/repository/org/junit/platform/junit-platform-engine/1.8.1/junit-platform-engine-1.8.1.jar:/Users/gfilios/.m2/repository/org/apiguardian/apiguardian-api/1.1.2/apiguardian-api-1.1.2.jar:/Users/gfilios/.m2/repository/org/junit/jupiter/junit-jupiter-api/5.8.1/junit-jupiter-api-5.8.1.jar:/Users/gfilios/.m2/repository/org/opentest4j/opentest4j/1.2.0/opentest4j-1.2.0.jar:/Users/gfilios/.m2/repository/org/junit/platform/junit-platform-commons/1.8.1/junit-platform-commons-1.8.1.jar:/Users/gfilios/.m2/repository/org/junit/jupiter/junit-jupiter-params/5.8.1/junit-jupiter-params-5.8.1.jar:/Users/gfilios/.m2/repository/org/junit/platform/junit-platform-suite/1.8.1/junit-platform-suite-1.8.1.jar:/Users/gfilios/.m2/repository/org/junit/platform/junit-platform-suite-api/1.8.1/junit-platform-suite-api-1.8.1.jar:/Users/gfilios/.m2/repository/org/junit/platform/junit-platform-suite-engine/1.8.1/junit-platform-suite-engine-1.8.1.jar:/Users/gfilios/.m2/repository/org/junit/platform/junit-platform-suite-commons/1.8.1/junit-platform-suite-commons-1.8.1.jar:/Users/gfilios/.m2/repository/org/junit/platform/junit-platform-launcher/1.8.1/junit-platform-launcher-1.8.1.jar:/Users/gfilios/.m2/repository/com/ginsberg/junit5-system-exit/1.1.2/junit5-system-exit-1.1.2.jar:"/>
    <property name="java.vm.vendor" value="Oracle Corporation"/>
    <property name="sun.arch.data.model" value="64"/>
    <property name="java.vendor.url" value="https://java.oracle.com/"/>
    <property name="os.name" value="Mac OS X"/>
    <property name="java.vm.specification.version" value="14"/>
    <property name="sun.java.launcher" value="SUN_STANDARD"/>
    <property name="user.country" value="DE"/>
    <property name="sun.boot.library.path" value="/Users/gfilios/Library/Java/JavaVirtualMachines/openjdk-14.0.2/Contents/Home/lib"/>
    <property name="sun.java.command" value="/Users/gfilios/develop/lox_language/jlox/target/surefire/surefirebooter15962388229885808859.jar /Users/gfilios/develop/lox_language/jlox/target/surefire 2021-12-04T08-46-56_283-jvmRun1 surefire16198407870600254523tmp surefire_02217802648665914921tmp"/>
    <property name="http.nonProxyHosts" value="local|*.local|169.254/16|*.169.254/16"/>
    <property name="jdk.debug" value="release"/>
    <property name="surefire.test.class.path" value="/Users/gfilios/develop/lox_language/jlox/target/test-classes:/Users/gfilios/develop/lox_language/jlox/target/classes:/Users/gfilios/.m2/repository/org/junit/jupiter/junit-jupiter-engine/5.8.1/junit-jupiter-engine-5.8.1.jar:/Users/gfilios/.m2/repository/org/junit/platform/junit-platform-engine/1.8.1/junit-platform-engine-1.8.1.jar:/Users/gfilios/.m2/repository/org/apiguardian/apiguardian-api/1.1.2/apiguardian-api-1.1.2.jar:/Users/gfilios/.m2/repository/org/junit/jupiter/junit-jupiter-api/5.8.1/junit-jupiter-api-5.8.1.jar:/Users/gfilios/.m2/repository/org/opentest4j/opentest4j/1.2.0/opentest4j-1.2.0.jar:/Users/gfilios/.m2/repository/org/junit/platform/junit-platform-commons/1.8.1/junit-platform-commons-1.8.1.jar:/Users/gfilios/.m2/repository/org/junit/jupiter/junit-jupiter-params/5.8.1/junit-jupiter-params-5.8.1.jar:/Users/gfilios/.m2/repository/org/junit/platform/junit-platform-suite/1.8.1/junit-platform-suite-1.8.1.jar:/Users/gfilios/.m2/repository/org/junit/platform/junit-platform-suite-api/1.8.1/junit-platform-suite-api-1.8.1.jar:/Users/gfilios/.m2/repository/org/junit/platform/junit-platform-suite-engine/1.8.1/junit-platform-suite-engine-1.8.1.jar:/Users/gfilios/.m2/repository/org/junit/platform/junit-platform-suite-commons/1.8.1/junit-platform-suite-commons-1.8.1.jar:/Users/gfilios/.m2/repository/org/junit/platform/junit-platform-launcher/1.8.1/junit-platform-launcher-1.8.1.jar:/Users/gfilios/.m2/repository/com/ginsberg/junit5-system-exit/1.1.2/junit5-system-exit-1.1.2.jar:"/>
    <property name="sun.cpu.endian" value="little"/>
    <property name="user.home" value="/Users/gfilios"/>
    <property name="user.language" value="de"/>
    <property name="java.specification.vendor" value="Oracle Corporation"/>
    <property name="java.version.date" value="2020-07-14"/>
    <property name="java.home" value="/Users/gfilios/Library/Java/JavaVirtualMachines/openjdk-14.0.2/Contents/Home"/>
    <property name="file.separator" value="/"/>
    <property name="basedir" value="/Users/gfilios/develop/lox_language/jlox"/>
    <property name="java.vm.compressedOopsMode" value="Zero based"/>
    <property name="line.separator" value="&#10;"/>
    <property name="java.specification.name" value="Java Platform API Specification"/>
    <property name="java.vm.specification.vendor" value="Oracle Corporation"/>
    <property name="surefire.real.class.path" value="/Users/gfilios/develop/lox_language/jlox/target/surefire/surefirebooter15962388229885808859.jar"/>
    <property name="sun.management.compiler" value="HotSpot 64-Bit Tiered Compilers"/>
    <property name="ftp.nonProxyHosts" value="local|*.local|169.254/16|*.169.254/16"/>
    <property name="java.runtime.version" value="14.0.2+12-46"/>
    <property name="user.name" value="gfilios"/>
    <property name="path.separator" value=":"/>
    <property name="os.version" value="10.16"/>
    <property name="java.runtime.name" value="OpenJDK Runtime Environment"/>
    <property name="file.encoding" value="UTF-8"/>
    <property name="java.vm.name" value="OpenJDK 64-Bit Server VM"/>
    <property name="localRepository" value="/Users/gfilios/.m2/repository"/>
    <property name="java.vendor.url.bug" value="https://bugreport.java.com/bugreport/"/>
    <property name="java.io.tmpdir" value="/var/folders/01/g21w69dj57z8k75_7gn53l7c0000gn/T/"/>
    <property name="idea.version" value="2021.3"/>
    <property name="java.version" value="14.0.2"/>
    <property name="user.dir" value="/Users/gfilios/develop/lox_language/jlox"/>
    <property name="os.arch" value="x86_64"/>
    <property name="java.vm.specification.name" value="Java Virtual Machine Specification"/>
    <property name="java.library.path" value="/Users/gfilios/Library/Java/Extensions:/Library/Java/Extensions:/Network/Library/Java/Extensions:/System/Library/Java/Extensions:/usr/lib/java:."/>
    <property name="java.vm.info" value="mixed mode, sharing"/>
    <property name="java.vendor" value="Oracle Corporation"/>
    <property name="java.vm.version" value="14.0.2+12-46"/>
    <property name="sun.io.unicode.encoding" value="UnicodeBig"/>
    <property name="socksNonProxyHosts" value="local|*.local|169.254/16|*.169.254/16"/>
    <property name="java.class.version" value="58.0"/>
  </properties>
  <testcase name="testToManyArguments" classname="de.filios.interpreters.jlox.JloxTest" time="0.037"/>
  <testcase name="testCorrectArgument" classname="de.filios.interpreters.jlox.JloxTest" time="0.001"/>
</testsuite>